<?xml version="1.0" encoding="UTF-8"?>
<!-- Generated by org.testng.reporters.JUnitReportReporter -->
<testsuite hostname="DESKTOP-VTK6SV9" failures="0" tests="1" name="Pages.SIGNOUT" time="50.243" errors="0" timestamp="2021-04-02T17:52:20 IST" skipped="0">
  <testcase classname="Pages.SIGNOUT" name="signout" time="50.243"/>
  <system-out>
Loginpage account   </system-out>
</testsuite> <!-- Pages.SIGNOUT -->
